  Menu.cpp
C:\Users\alexr\source\repos\LexiAreAre\DNA-AnalysisProgram\ADN-Analysis-Application-main\Information-Processing\JSONWriter.h(39,1): warning C4297: 'JSONWriter<Patient *>::~JSONWriter': function assumed not to throw an exception but does
C:\Users\alexr\source\repos\LexiAreAre\DNA-AnalysisProgram\ADN-Analysis-Application-main\Information-Processing\JSONWriter.h(39,1): message : destructor or deallocator has a (possibly implicit) non-throwing exception specification
C:\Users\alexr\source\repos\LexiAreAre\DNA-AnalysisProgram\ADN-Analysis-Application-main\Information-Processing\JSONWriter.h(34): message : while compiling class template member function 'JSONWriter<Patient *>::~JSONWriter(void)'
C:\Users\alexr\source\repos\LexiAreAre\DNA-AnalysisProgram\ADN-Analysis-Application-main\Information-Processing\Menu.cpp(77): message : see reference to function template instantiation 'JSONWriter<Patient *>::~JSONWriter(void)' being compiled
C:\Users\alexr\source\repos\LexiAreAre\DNA-AnalysisProgram\ADN-Analysis-Application-main\Information-Processing\Menu.cpp(77): message : see reference to class template instantiation 'JSONWriter<Patient *>' being compiled
C:\Users\alexr\source\repos\LexiAreAre\DNA-AnalysisProgram\ADN-Analysis-Application-main\Information-Processing\JSONWriter.h(23,1): error C2440: 'initializing': cannot convert from 'T' to 'nlohmann::basic_json<std::map,std::vector,std::string,bool,int64_t,uint64_t,double,std::allocator,nlohmann::adl_serializer,std::vector<uint8_t,std::allocator<uint8_t>>>'
          with
          [
              T=Patient *
          ]
C:\Users\alexr\source\repos\LexiAreAre\DNA-AnalysisProgram\ADN-Analysis-Application-main\Information-Processing\JSONWriter.h(23,1): message : No constructor could take the source type, or constructor overload resolution was ambiguous
C:\Users\alexr\source\repos\LexiAreAre\DNA-AnalysisProgram\ADN-Analysis-Application-main\Information-Processing\JSONWriter.h(22): message : while compiling class template member function 'void JSONWriter<Patient *>::write(T)'
          with
          [
              T=Patient *
          ]
C:\Users\alexr\source\repos\LexiAreAre\DNA-AnalysisProgram\ADN-Analysis-Application-main\Information-Processing\JSONWriter.h(30): message : see reference to function template instantiation 'void JSONWriter<Patient *>::write(T)' being compiled
          with
          [
              T=Patient *
          ]
C:\Users\alexr\source\repos\LexiAreAre\DNA-AnalysisProgram\ADN-Analysis-Application-main\Information-Processing\JSONWriter.h(24,20): error C2039: 'pushBack': is not a member of 'nlohmann::basic_json<std::map,std::vector,std::string,bool,int64_t,uint64_t,double,std::allocator,nlohmann::adl_serializer,std::vector<uint8_t,std::allocator<uint8_t>>>'
C:\Users\alexr\source\repos\LexiAreAre\DNA-AnalysisProgram\ADN-Analysis-Application-main\Information-Processing\lib\json.hpp(2933): message : see declaration of 'nlohmann::basic_json<std::map,std::vector,std::string,bool,int64_t,uint64_t,double,std::allocator,nlohmann::adl_serializer,std::vector<uint8_t,std::allocator<uint8_t>>>'
